<?xml version="1.0" encoding="UTF-8"?>
<robot generator="Robot 6.1.1 (Python 3.12.3 on linux)" generated="20241118 13:37:15.825" rpa="false" schemaversion="4">
<suite id="s1" name="Register" source="/home/toenarhi/ohtupalautukset/viikko3/web-login/src/tests/register.robot">
<kw name="Open And Configure Browser" library="resource" type="SETUP">
<if>
<branch type="IF" condition="$BROWSER == 'chrome'">
<kw name="Evaluate" library="BuiltIn">
<var>${options}</var>
<arg>sys.modules['selenium.webdriver'].ChromeOptions()</arg>
<arg>sys</arg>
<doc>Evaluates the given expression in Python and returns the result.</doc>
<status status="NOT RUN" starttime="20241118 13:37:16.022" endtime="20241118 13:37:16.022"/>
</kw>
<status status="NOT RUN" starttime="20241118 13:37:16.021" endtime="20241118 13:37:16.022"/>
</branch>
<branch type="ELSE IF" condition="$BROWSER == 'firefox'">
<kw name="Evaluate" library="BuiltIn">
<var>${options}</var>
<arg>sys.modules['selenium.webdriver'].FirefoxOptions()</arg>
<arg>sys</arg>
<doc>Evaluates the given expression in Python and returns the result.</doc>
<msg timestamp="20241118 13:37:16.022" level="INFO">${options} = &lt;selenium.webdriver.firefox.options.Options object at 0x715af54d4410&gt;</msg>
<status status="PASS" starttime="20241118 13:37:16.022" endtime="20241118 13:37:16.022"/>
</kw>
<status status="PASS" starttime="20241118 13:37:16.022" endtime="20241118 13:37:16.022"/>
</branch>
<status status="PASS" starttime="20241118 13:37:16.021" endtime="20241118 13:37:16.022"/>
</if>
<if>
<branch type="IF" condition="$HEADLESS == 'true'">
<kw name="Set Selenium Speed" library="SeleniumLibrary">
<arg>0</arg>
<doc>Sets the delay that is waited after each Selenium command.</doc>
<status status="PASS" starttime="20241118 13:37:16.022" endtime="20241118 13:37:16.023"/>
</kw>
<kw name="Call Method" library="BuiltIn">
<arg>${options}</arg>
<arg>add_argument</arg>
<arg>--headless</arg>
<doc>Calls the named method of the given object with the provided arguments.</doc>
<status status="PASS" starttime="20241118 13:37:16.023" endtime="20241118 13:37:16.023"/>
</kw>
<status status="PASS" starttime="20241118 13:37:16.022" endtime="20241118 13:37:16.023"/>
</branch>
<branch type="ELSE">
<kw name="Set Selenium Speed" library="SeleniumLibrary">
<arg>${DELAY}</arg>
<doc>Sets the delay that is waited after each Selenium command.</doc>
<status status="NOT RUN" starttime="20241118 13:37:16.023" endtime="20241118 13:37:16.023"/>
</kw>
<status status="NOT RUN" starttime="20241118 13:37:16.023" endtime="20241118 13:37:16.023"/>
</branch>
<status status="PASS" starttime="20241118 13:37:16.022" endtime="20241118 13:37:16.023"/>
</if>
<kw name="Open Browser" library="SeleniumLibrary">
<arg>browser=${BROWSER}</arg>
<arg>options=${options}</arg>
<doc>Opens a new browser instance to the optional ``url``.</doc>
<msg timestamp="20241118 13:37:16.024" level="INFO">Opening browser 'firefox' to base url 'None'.</msg>
<status status="PASS" starttime="20241118 13:37:16.023" endtime="20241118 13:37:18.438"/>
</kw>
<status status="PASS" starttime="20241118 13:37:16.021" endtime="20241118 13:37:18.438"/>
</kw>
<test id="s1-t1" name="Register With Valid Username And Password" line="16">
<kw name="Reset Application Create User And Go to Register Page" type="SETUP">
<kw name="Reset Application" library="AppLibrary">
<status status="PASS" starttime="20241118 13:37:18.440" endtime="20241118 13:37:18.446"/>
</kw>
<kw name="Create User" library="AppLibrary">
<arg>kalle</arg>
<arg>kalle123</arg>
<status status="PASS" starttime="20241118 13:37:18.446" endtime="20241118 13:37:18.455"/>
</kw>
<kw name="Go to Register Page" library="resource">
<kw name="Go To" library="SeleniumLibrary">
<arg>${REGISTER_URL}</arg>
<doc>Navigates the current browser window to the provided ``url``.</doc>
<msg timestamp="20241118 13:37:18.455" level="INFO">Opening url 'http://localhost:5001/register'</msg>
<status status="PASS" starttime="20241118 13:37:18.455" endtime="20241118 13:37:18.614"/>
</kw>
<status status="PASS" starttime="20241118 13:37:18.455" endtime="20241118 13:37:18.615"/>
</kw>
<status status="PASS" starttime="20241118 13:37:18.439" endtime="20241118 13:37:18.615"/>
</kw>
<kw name="Register With Username And Password">
<arg>${good_username}</arg>
<arg>${good_password}</arg>
<arg>${good_password}</arg>
<kw name="Go to Register Page" library="resource">
<kw name="Go To" library="SeleniumLibrary">
<arg>${REGISTER_URL}</arg>
<doc>Navigates the current browser window to the provided ``url``.</doc>
<msg timestamp="20241118 13:37:18.616" level="INFO">Opening url 'http://localhost:5001/register'</msg>
<status status="PASS" starttime="20241118 13:37:18.616" endtime="20241118 13:37:18.703"/>
</kw>
<status status="PASS" starttime="20241118 13:37:18.616" endtime="20241118 13:37:18.704"/>
</kw>
<kw name="Set Username">
<arg>${username}</arg>
<kw name="Input Text" library="SeleniumLibrary">
<arg>username</arg>
<arg>${username}</arg>
<doc>Types the given ``text`` into the text field identified by ``locator``.</doc>
<msg timestamp="20241118 13:37:18.706" level="INFO">Typing text 'jali' into text field 'username'.</msg>
<status status="PASS" starttime="20241118 13:37:18.704" endtime="20241118 13:37:18.836"/>
</kw>
<status status="PASS" starttime="20241118 13:37:18.704" endtime="20241118 13:37:18.836"/>
</kw>
<kw name="Set Password">
<arg>${password}</arg>
<kw name="Input Text" library="SeleniumLibrary">
<arg>password</arg>
<arg>${password}</arg>
<doc>Types the given ``text`` into the text field identified by ``locator``.</doc>
<msg timestamp="20241118 13:37:18.837" level="INFO">Typing text 'kahdeksan8' into text field 'password'.</msg>
<status status="PASS" starttime="20241118 13:37:18.837" endtime="20241118 13:37:18.862"/>
</kw>
<status status="PASS" starttime="20241118 13:37:18.836" endtime="20241118 13:37:18.862"/>
</kw>
<kw name="Confirm Password">
<arg>${password_confirmation}</arg>
<kw name="Input Text" library="SeleniumLibrary">
<arg>password_confirmation</arg>
<arg>${password_confirmation}</arg>
<doc>Types the given ``text`` into the text field identified by ``locator``.</doc>
<msg timestamp="20241118 13:37:18.863" level="INFO">Typing text 'kahdeksan8' into text field 'password_confirmation'.</msg>
<status status="PASS" starttime="20241118 13:37:18.862" endtime="20241118 13:37:18.883"/>
</kw>
<status status="PASS" starttime="20241118 13:37:18.862" endtime="20241118 13:37:18.883"/>
</kw>
<kw name="Click Button" library="SeleniumLibrary">
<arg>Register</arg>
<doc>Clicks the button identified by ``locator``.</doc>
<msg timestamp="20241118 13:37:18.884" level="INFO">Clicking button 'Register'.</msg>
<status status="PASS" starttime="20241118 13:37:18.883" endtime="20241118 13:37:19.043"/>
</kw>
<status status="PASS" starttime="20241118 13:37:18.615" endtime="20241118 13:37:19.043"/>
</kw>
<kw name="Welcome Page Should Be Open" library="resource">
<kw name="Title Should Be" library="SeleniumLibrary">
<arg>Welcome to Ohtu Application!</arg>
<doc>Verifies that the current page title equals ``title``.</doc>
<msg timestamp="20241118 13:37:19.049" level="INFO">Page title is 'Welcome to Ohtu Application!'.</msg>
<status status="PASS" starttime="20241118 13:37:19.044" endtime="20241118 13:37:19.049"/>
</kw>
<status status="PASS" starttime="20241118 13:37:19.044" endtime="20241118 13:37:19.049"/>
</kw>
<status status="PASS" starttime="20241118 13:37:18.438" endtime="20241118 13:37:19.050"/>
</test>
<test id="s1-t2" name="Register With Too Short Username And Valid Password" line="20">
<kw name="Reset Application Create User And Go to Register Page" type="SETUP">
<kw name="Reset Application" library="AppLibrary">
<status status="PASS" starttime="20241118 13:37:19.052" endtime="20241118 13:37:19.059"/>
</kw>
<kw name="Create User" library="AppLibrary">
<arg>kalle</arg>
<arg>kalle123</arg>
<status status="PASS" starttime="20241118 13:37:19.059" endtime="20241118 13:37:19.074"/>
</kw>
<kw name="Go to Register Page" library="resource">
<kw name="Go To" library="SeleniumLibrary">
<arg>${REGISTER_URL}</arg>
<doc>Navigates the current browser window to the provided ``url``.</doc>
<msg timestamp="20241118 13:37:19.076" level="INFO">Opening url 'http://localhost:5001/register'</msg>
<status status="PASS" starttime="20241118 13:37:19.075" endtime="20241118 13:37:19.138"/>
</kw>
<status status="PASS" starttime="20241118 13:37:19.074" endtime="20241118 13:37:19.139"/>
</kw>
<status status="PASS" starttime="20241118 13:37:19.052" endtime="20241118 13:37:19.139"/>
</kw>
<kw name="Register With Username And Password">
<arg>${bad_username}</arg>
<arg>${good_password}</arg>
<arg>${good_password}</arg>
<kw name="Go to Register Page" library="resource">
<kw name="Go To" library="SeleniumLibrary">
<arg>${REGISTER_URL}</arg>
<doc>Navigates the current browser window to the provided ``url``.</doc>
<msg timestamp="20241118 13:37:19.141" level="INFO">Opening url 'http://localhost:5001/register'</msg>
<status status="PASS" starttime="20241118 13:37:19.141" endtime="20241118 13:37:19.195"/>
</kw>
<status status="PASS" starttime="20241118 13:37:19.140" endtime="20241118 13:37:19.195"/>
</kw>
<kw name="Set Username">
<arg>${username}</arg>
<kw name="Input Text" library="SeleniumLibrary">
<arg>username</arg>
<arg>${username}</arg>
<doc>Types the given ``text`` into the text field identified by ``locator``.</doc>
<msg timestamp="20241118 13:37:19.197" level="INFO">Typing text 'uh' into text field 'username'.</msg>
<status status="PASS" starttime="20241118 13:37:19.196" endtime="20241118 13:37:19.247"/>
</kw>
<status status="PASS" starttime="20241118 13:37:19.195" endtime="20241118 13:37:19.247"/>
</kw>
<kw name="Set Password">
<arg>${password}</arg>
<kw name="Input Text" library="SeleniumLibrary">
<arg>password</arg>
<arg>${password}</arg>
<doc>Types the given ``text`` into the text field identified by ``locator``.</doc>
<msg timestamp="20241118 13:37:19.249" level="INFO">Typing text 'kahdeksan8' into text field 'password'.</msg>
<status status="PASS" starttime="20241118 13:37:19.248" endtime="20241118 13:37:19.326"/>
</kw>
<status status="PASS" starttime="20241118 13:37:19.247" endtime="20241118 13:37:19.326"/>
</kw>
<kw name="Confirm Password">
<arg>${password_confirmation}</arg>
<kw name="Input Text" library="SeleniumLibrary">
<arg>password_confirmation</arg>
<arg>${password_confirmation}</arg>
<doc>Types the given ``text`` into the text field identified by ``locator``.</doc>
<msg timestamp="20241118 13:37:19.328" level="INFO">Typing text 'kahdeksan8' into text field 'password_confirmation'.</msg>
<status status="PASS" starttime="20241118 13:37:19.327" endtime="20241118 13:37:19.348"/>
</kw>
<status status="PASS" starttime="20241118 13:37:19.326" endtime="20241118 13:37:19.348"/>
</kw>
<kw name="Click Button" library="SeleniumLibrary">
<arg>Register</arg>
<doc>Clicks the button identified by ``locator``.</doc>
<msg timestamp="20241118 13:37:19.349" level="INFO">Clicking button 'Register'.</msg>
<status status="PASS" starttime="20241118 13:37:19.349" endtime="20241118 13:37:19.418"/>
</kw>
<status status="PASS" starttime="20241118 13:37:19.140" endtime="20241118 13:37:19.418"/>
</kw>
<kw name="Register Page Should Be Open" library="resource">
<kw name="Title Should Be" library="SeleniumLibrary">
<arg>Register</arg>
<doc>Verifies that the current page title equals ``title``.</doc>
<msg timestamp="20241118 13:37:19.434" level="INFO">Page title is 'Register'.</msg>
<status status="PASS" starttime="20241118 13:37:19.419" endtime="20241118 13:37:19.434"/>
</kw>
<status status="PASS" starttime="20241118 13:37:19.419" endtime="20241118 13:37:19.435"/>
</kw>
<kw name="Register Should Fail With Message">
<arg>Username is too short</arg>
<kw name="Register Page Should Be Open" library="resource">
<kw name="Title Should Be" library="SeleniumLibrary">
<arg>Register</arg>
<doc>Verifies that the current page title equals ``title``.</doc>
<msg timestamp="20241118 13:37:19.438" level="INFO">Page title is 'Register'.</msg>
<status status="PASS" starttime="20241118 13:37:19.436" endtime="20241118 13:37:19.438"/>
</kw>
<status status="PASS" starttime="20241118 13:37:19.436" endtime="20241118 13:37:19.438"/>
</kw>
<kw name="Page Should Contain" library="SeleniumLibrary">
<arg>${message}</arg>
<doc>Verifies that current page contains ``text``.</doc>
<msg timestamp="20241118 13:37:19.449" level="INFO">Current page contains text 'Username is too short'.</msg>
<status status="PASS" starttime="20241118 13:37:19.438" endtime="20241118 13:37:19.449"/>
</kw>
<status status="PASS" starttime="20241118 13:37:19.435" endtime="20241118 13:37:19.449"/>
</kw>
<status status="PASS" starttime="20241118 13:37:19.051" endtime="20241118 13:37:19.450"/>
</test>
<test id="s1-t3" name="Register With Valid Username And Too Short Password" line="25">
<kw name="Reset Application Create User And Go to Register Page" type="SETUP">
<kw name="Reset Application" library="AppLibrary">
<status status="PASS" starttime="20241118 13:37:19.451" endtime="20241118 13:37:19.457"/>
</kw>
<kw name="Create User" library="AppLibrary">
<arg>kalle</arg>
<arg>kalle123</arg>
<status status="PASS" starttime="20241118 13:37:19.458" endtime="20241118 13:37:19.472"/>
</kw>
<kw name="Go to Register Page" library="resource">
<kw name="Go To" library="SeleniumLibrary">
<arg>${REGISTER_URL}</arg>
<doc>Navigates the current browser window to the provided ``url``.</doc>
<msg timestamp="20241118 13:37:19.473" level="INFO">Opening url 'http://localhost:5001/register'</msg>
<status status="PASS" starttime="20241118 13:37:19.473" endtime="20241118 13:37:19.549"/>
</kw>
<status status="PASS" starttime="20241118 13:37:19.472" endtime="20241118 13:37:19.550"/>
</kw>
<status status="PASS" starttime="20241118 13:37:19.451" endtime="20241118 13:37:19.550"/>
</kw>
<kw name="Register With Username And Password">
<arg>${good_username}</arg>
<arg>${short_password}</arg>
<arg>${short_password}</arg>
<kw name="Go to Register Page" library="resource">
<kw name="Go To" library="SeleniumLibrary">
<arg>${REGISTER_URL}</arg>
<doc>Navigates the current browser window to the provided ``url``.</doc>
<msg timestamp="20241118 13:37:19.553" level="INFO">Opening url 'http://localhost:5001/register'</msg>
<status status="PASS" starttime="20241118 13:37:19.553" endtime="20241118 13:37:19.606"/>
</kw>
<status status="PASS" starttime="20241118 13:37:19.552" endtime="20241118 13:37:19.606"/>
</kw>
<kw name="Set Username">
<arg>${username}</arg>
<kw name="Input Text" library="SeleniumLibrary">
<arg>username</arg>
<arg>${username}</arg>
<doc>Types the given ``text`` into the text field identified by ``locator``.</doc>
<msg timestamp="20241118 13:37:19.609" level="INFO">Typing text 'jali' into text field 'username'.</msg>
<status status="PASS" starttime="20241118 13:37:19.607" endtime="20241118 13:37:19.642"/>
</kw>
<status status="PASS" starttime="20241118 13:37:19.606" endtime="20241118 13:37:19.643"/>
</kw>
<kw name="Set Password">
<arg>${password}</arg>
<kw name="Input Text" library="SeleniumLibrary">
<arg>password</arg>
<arg>${password}</arg>
<doc>Types the given ``text`` into the text field identified by ``locator``.</doc>
<msg timestamp="20241118 13:37:19.644" level="INFO">Typing text 'ysi' into text field 'password'.</msg>
<status status="PASS" starttime="20241118 13:37:19.643" endtime="20241118 13:37:19.661"/>
</kw>
<status status="PASS" starttime="20241118 13:37:19.643" endtime="20241118 13:37:19.661"/>
</kw>
<kw name="Confirm Password">
<arg>${password_confirmation}</arg>
<kw name="Input Text" library="SeleniumLibrary">
<arg>password_confirmation</arg>
<arg>${password_confirmation}</arg>
<doc>Types the given ``text`` into the text field identified by ``locator``.</doc>
<msg timestamp="20241118 13:37:19.662" level="INFO">Typing text 'ysi' into text field 'password_confirmation'.</msg>
<status status="PASS" starttime="20241118 13:37:19.662" endtime="20241118 13:37:19.678"/>
</kw>
<status status="PASS" starttime="20241118 13:37:19.662" endtime="20241118 13:37:19.679"/>
</kw>
<kw name="Click Button" library="SeleniumLibrary">
<arg>Register</arg>
<doc>Clicks the button identified by ``locator``.</doc>
<msg timestamp="20241118 13:37:19.679" level="INFO">Clicking button 'Register'.</msg>
<status status="PASS" starttime="20241118 13:37:19.679" endtime="20241118 13:37:19.751"/>
</kw>
<status status="PASS" starttime="20241118 13:37:19.551" endtime="20241118 13:37:19.752"/>
</kw>
<kw name="Register Page Should Be Open" library="resource">
<kw name="Title Should Be" library="SeleniumLibrary">
<arg>Register</arg>
<doc>Verifies that the current page title equals ``title``.</doc>
<msg timestamp="20241118 13:37:19.767" level="INFO">Page title is 'Register'.</msg>
<status status="PASS" starttime="20241118 13:37:19.753" endtime="20241118 13:37:19.767"/>
</kw>
<status status="PASS" starttime="20241118 13:37:19.752" endtime="20241118 13:37:19.767"/>
</kw>
<kw name="Register Should Fail With Message">
<arg>Password is too short</arg>
<kw name="Register Page Should Be Open" library="resource">
<kw name="Title Should Be" library="SeleniumLibrary">
<arg>Register</arg>
<doc>Verifies that the current page title equals ``title``.</doc>
<msg timestamp="20241118 13:37:19.774" level="INFO">Page title is 'Register'.</msg>
<status status="PASS" starttime="20241118 13:37:19.769" endtime="20241118 13:37:19.774"/>
</kw>
<status status="PASS" starttime="20241118 13:37:19.768" endtime="20241118 13:37:19.774"/>
</kw>
<kw name="Page Should Contain" library="SeleniumLibrary">
<arg>${message}</arg>
<doc>Verifies that current page contains ``text``.</doc>
<msg timestamp="20241118 13:37:19.786" level="INFO">Current page contains text 'Password is too short'.</msg>
<status status="PASS" starttime="20241118 13:37:19.774" endtime="20241118 13:37:19.786"/>
</kw>
<status status="PASS" starttime="20241118 13:37:19.767" endtime="20241118 13:37:19.786"/>
</kw>
<status status="PASS" starttime="20241118 13:37:19.450" endtime="20241118 13:37:19.787"/>
</test>
<test id="s1-t4" name="Register With Valid Username And Invalid Password" line="30">
<kw name="Reset Application Create User And Go to Register Page" type="SETUP">
<kw name="Reset Application" library="AppLibrary">
<status status="PASS" starttime="20241118 13:37:19.788" endtime="20241118 13:37:19.792"/>
</kw>
<kw name="Create User" library="AppLibrary">
<arg>kalle</arg>
<arg>kalle123</arg>
<status status="PASS" starttime="20241118 13:37:19.792" endtime="20241118 13:37:19.802"/>
</kw>
<kw name="Go to Register Page" library="resource">
<kw name="Go To" library="SeleniumLibrary">
<arg>${REGISTER_URL}</arg>
<doc>Navigates the current browser window to the provided ``url``.</doc>
<msg timestamp="20241118 13:37:19.804" level="INFO">Opening url 'http://localhost:5001/register'</msg>
<status status="PASS" starttime="20241118 13:37:19.803" endtime="20241118 13:37:19.863"/>
</kw>
<status status="PASS" starttime="20241118 13:37:19.803" endtime="20241118 13:37:19.863"/>
</kw>
<status status="PASS" starttime="20241118 13:37:19.788" endtime="20241118 13:37:19.863"/>
</kw>
<kw name="Register With Username And Password">
<arg>${good_username}</arg>
<arg>${bad_password}</arg>
<arg>${bad_password}</arg>
<kw name="Go to Register Page" library="resource">
<kw name="Go To" library="SeleniumLibrary">
<arg>${REGISTER_URL}</arg>
<doc>Navigates the current browser window to the provided ``url``.</doc>
<msg timestamp="20241118 13:37:19.865" level="INFO">Opening url 'http://localhost:5001/register'</msg>
<status status="PASS" starttime="20241118 13:37:19.865" endtime="20241118 13:37:19.923"/>
</kw>
<status status="PASS" starttime="20241118 13:37:19.865" endtime="20241118 13:37:19.923"/>
</kw>
<kw name="Set Username">
<arg>${username}</arg>
<kw name="Input Text" library="SeleniumLibrary">
<arg>username</arg>
<arg>${username}</arg>
<doc>Types the given ``text`` into the text field identified by ``locator``.</doc>
<msg timestamp="20241118 13:37:19.925" level="INFO">Typing text 'jali' into text field 'username'.</msg>
<status status="PASS" starttime="20241118 13:37:19.924" endtime="20241118 13:37:19.952"/>
</kw>
<status status="PASS" starttime="20241118 13:37:19.923" endtime="20241118 13:37:19.952"/>
</kw>
<kw name="Set Password">
<arg>${password}</arg>
<kw name="Input Text" library="SeleniumLibrary">
<arg>password</arg>
<arg>${password}</arg>
<doc>Types the given ``text`` into the text field identified by ``locator``.</doc>
<msg timestamp="20241118 13:37:19.953" level="INFO">Typing text 'kahdeksan' into text field 'password'.</msg>
<status status="PASS" starttime="20241118 13:37:19.952" endtime="20241118 13:37:19.971"/>
</kw>
<status status="PASS" starttime="20241118 13:37:19.952" endtime="20241118 13:37:19.972"/>
</kw>
<kw name="Confirm Password">
<arg>${password_confirmation}</arg>
<kw name="Input Text" library="SeleniumLibrary">
<arg>password_confirmation</arg>
<arg>${password_confirmation}</arg>
<doc>Types the given ``text`` into the text field identified by ``locator``.</doc>
<msg timestamp="20241118 13:37:19.973" level="INFO">Typing text 'kahdeksan' into text field 'password_confirmation'.</msg>
<status status="PASS" starttime="20241118 13:37:19.972" endtime="20241118 13:37:19.989"/>
</kw>
<status status="PASS" starttime="20241118 13:37:19.972" endtime="20241118 13:37:19.990"/>
</kw>
<kw name="Click Button" library="SeleniumLibrary">
<arg>Register</arg>
<doc>Clicks the button identified by ``locator``.</doc>
<msg timestamp="20241118 13:37:19.990" level="INFO">Clicking button 'Register'.</msg>
<status status="PASS" starttime="20241118 13:37:19.990" endtime="20241118 13:37:20.050"/>
</kw>
<status status="PASS" starttime="20241118 13:37:19.864" endtime="20241118 13:37:20.050"/>
</kw>
<kw name="Register Page Should Be Open" library="resource">
<kw name="Title Should Be" library="SeleniumLibrary">
<arg>Register</arg>
<doc>Verifies that the current page title equals ``title``.</doc>
<msg timestamp="20241118 13:37:20.062" level="INFO">Page title is 'Register'.</msg>
<status status="PASS" starttime="20241118 13:37:20.051" endtime="20241118 13:37:20.062"/>
</kw>
<status status="PASS" starttime="20241118 13:37:20.051" endtime="20241118 13:37:20.062"/>
</kw>
<kw name="Register Should Fail With Message">
<arg>Password can not contain only letters</arg>
<kw name="Register Page Should Be Open" library="resource">
<kw name="Title Should Be" library="SeleniumLibrary">
<arg>Register</arg>
<doc>Verifies that the current page title equals ``title``.</doc>
<msg timestamp="20241118 13:37:20.067" level="INFO">Page title is 'Register'.</msg>
<status status="PASS" starttime="20241118 13:37:20.064" endtime="20241118 13:37:20.067"/>
</kw>
<status status="PASS" starttime="20241118 13:37:20.063" endtime="20241118 13:37:20.068"/>
</kw>
<kw name="Page Should Contain" library="SeleniumLibrary">
<arg>${message}</arg>
<doc>Verifies that current page contains ``text``.</doc>
<msg timestamp="20241118 13:37:20.079" level="INFO">Current page contains text 'Password can not contain only letters'.</msg>
<status status="PASS" starttime="20241118 13:37:20.068" endtime="20241118 13:37:20.079"/>
</kw>
<status status="PASS" starttime="20241118 13:37:20.063" endtime="20241118 13:37:20.079"/>
</kw>
<status status="PASS" starttime="20241118 13:37:19.787" endtime="20241118 13:37:20.080"/>
</test>
<test id="s1-t5" name="Register With Nonmatching Password And Password Confirmation" line="36">
<kw name="Reset Application Create User And Go to Register Page" type="SETUP">
<kw name="Reset Application" library="AppLibrary">
<status status="PASS" starttime="20241118 13:37:20.081" endtime="20241118 13:37:20.086"/>
</kw>
<kw name="Create User" library="AppLibrary">
<arg>kalle</arg>
<arg>kalle123</arg>
<status status="PASS" starttime="20241118 13:37:20.086" endtime="20241118 13:37:20.096"/>
</kw>
<kw name="Go to Register Page" library="resource">
<kw name="Go To" library="SeleniumLibrary">
<arg>${REGISTER_URL}</arg>
<doc>Navigates the current browser window to the provided ``url``.</doc>
<msg timestamp="20241118 13:37:20.097" level="INFO">Opening url 'http://localhost:5001/register'</msg>
<status status="PASS" starttime="20241118 13:37:20.097" endtime="20241118 13:37:20.156"/>
</kw>
<status status="PASS" starttime="20241118 13:37:20.096" endtime="20241118 13:37:20.157"/>
</kw>
<status status="PASS" starttime="20241118 13:37:20.080" endtime="20241118 13:37:20.157"/>
</kw>
<kw name="Register With Username And Password">
<arg>${good_username}</arg>
<arg>${bad_password}</arg>
<arg>${good_password}</arg>
<kw name="Go to Register Page" library="resource">
<kw name="Go To" library="SeleniumLibrary">
<arg>${REGISTER_URL}</arg>
<doc>Navigates the current browser window to the provided ``url``.</doc>
<msg timestamp="20241118 13:37:20.160" level="INFO">Opening url 'http://localhost:5001/register'</msg>
<status status="PASS" starttime="20241118 13:37:20.159" endtime="20241118 13:37:20.220"/>
</kw>
<status status="PASS" starttime="20241118 13:37:20.158" endtime="20241118 13:37:20.220"/>
</kw>
<kw name="Set Username">
<arg>${username}</arg>
<kw name="Input Text" library="SeleniumLibrary">
<arg>username</arg>
<arg>${username}</arg>
<doc>Types the given ``text`` into the text field identified by ``locator``.</doc>
<msg timestamp="20241118 13:37:20.223" level="INFO">Typing text 'jali' into text field 'username'.</msg>
<status status="PASS" starttime="20241118 13:37:20.222" endtime="20241118 13:37:20.261"/>
</kw>
<status status="PASS" starttime="20241118 13:37:20.221" endtime="20241118 13:37:20.262"/>
</kw>
<kw name="Set Password">
<arg>${password}</arg>
<kw name="Input Text" library="SeleniumLibrary">
<arg>password</arg>
<arg>${password}</arg>
<doc>Types the given ``text`` into the text field identified by ``locator``.</doc>
<msg timestamp="20241118 13:37:20.263" level="INFO">Typing text 'kahdeksan' into text field 'password'.</msg>
<status status="PASS" starttime="20241118 13:37:20.262" endtime="20241118 13:37:20.289"/>
</kw>
<status status="PASS" starttime="20241118 13:37:20.262" endtime="20241118 13:37:20.289"/>
</kw>
<kw name="Confirm Password">
<arg>${password_confirmation}</arg>
<kw name="Input Text" library="SeleniumLibrary">
<arg>password_confirmation</arg>
<arg>${password_confirmation}</arg>
<doc>Types the given ``text`` into the text field identified by ``locator``.</doc>
<msg timestamp="20241118 13:37:20.290" level="INFO">Typing text 'kahdeksan8' into text field 'password_confirmation'.</msg>
<status status="PASS" starttime="20241118 13:37:20.289" endtime="20241118 13:37:20.306"/>
</kw>
<status status="PASS" starttime="20241118 13:37:20.289" endtime="20241118 13:37:20.306"/>
</kw>
<kw name="Click Button" library="SeleniumLibrary">
<arg>Register</arg>
<doc>Clicks the button identified by ``locator``.</doc>
<msg timestamp="20241118 13:37:20.306" level="INFO">Clicking button 'Register'.</msg>
<status status="PASS" starttime="20241118 13:37:20.306" endtime="20241118 13:37:20.364"/>
</kw>
<status status="PASS" starttime="20241118 13:37:20.157" endtime="20241118 13:37:20.364"/>
</kw>
<kw name="Register Page Should Be Open" library="resource">
<kw name="Title Should Be" library="SeleniumLibrary">
<arg>Register</arg>
<doc>Verifies that the current page title equals ``title``.</doc>
<msg timestamp="20241118 13:37:20.368" level="INFO">Page title is 'Register'.</msg>
<status status="PASS" starttime="20241118 13:37:20.365" endtime="20241118 13:37:20.369"/>
</kw>
<status status="PASS" starttime="20241118 13:37:20.365" endtime="20241118 13:37:20.369"/>
</kw>
<kw name="Register Should Fail With Message">
<arg>Passwords don't match</arg>
<kw name="Register Page Should Be Open" library="resource">
<kw name="Title Should Be" library="SeleniumLibrary">
<arg>Register</arg>
<doc>Verifies that the current page title equals ``title``.</doc>
<msg timestamp="20241118 13:37:20.375" level="INFO">Page title is 'Register'.</msg>
<status status="PASS" starttime="20241118 13:37:20.370" endtime="20241118 13:37:20.376"/>
</kw>
<status status="PASS" starttime="20241118 13:37:20.370" endtime="20241118 13:37:20.376"/>
</kw>
<kw name="Page Should Contain" library="SeleniumLibrary">
<arg>${message}</arg>
<doc>Verifies that current page contains ``text``.</doc>
<msg timestamp="20241118 13:37:20.390" level="INFO">Current page contains text 'Passwords don't match'.</msg>
<status status="PASS" starttime="20241118 13:37:20.376" endtime="20241118 13:37:20.390"/>
</kw>
<status status="PASS" starttime="20241118 13:37:20.369" endtime="20241118 13:37:20.390"/>
</kw>
<status status="PASS" starttime="20241118 13:37:20.080" endtime="20241118 13:37:20.390"/>
</test>
<test id="s1-t6" name="Register With Username That Is Already In Use" line="41">
<kw name="Reset Application Create User And Go to Register Page" type="SETUP">
<kw name="Reset Application" library="AppLibrary">
<status status="PASS" starttime="20241118 13:37:20.392" endtime="20241118 13:37:20.396"/>
</kw>
<kw name="Create User" library="AppLibrary">
<arg>kalle</arg>
<arg>kalle123</arg>
<status status="PASS" starttime="20241118 13:37:20.397" endtime="20241118 13:37:20.411"/>
</kw>
<kw name="Go to Register Page" library="resource">
<kw name="Go To" library="SeleniumLibrary">
<arg>${REGISTER_URL}</arg>
<doc>Navigates the current browser window to the provided ``url``.</doc>
<msg timestamp="20241118 13:37:20.412" level="INFO">Opening url 'http://localhost:5001/register'</msg>
<status status="PASS" starttime="20241118 13:37:20.412" endtime="20241118 13:37:20.463"/>
</kw>
<status status="PASS" starttime="20241118 13:37:20.411" endtime="20241118 13:37:20.463"/>
</kw>
<status status="PASS" starttime="20241118 13:37:20.391" endtime="20241118 13:37:20.463"/>
</kw>
<kw name="Register With Username And Password">
<arg>kalle</arg>
<arg>kalle987</arg>
<arg>kalle987</arg>
<kw name="Go to Register Page" library="resource">
<kw name="Go To" library="SeleniumLibrary">
<arg>${REGISTER_URL}</arg>
<doc>Navigates the current browser window to the provided ``url``.</doc>
<msg timestamp="20241118 13:37:20.465" level="INFO">Opening url 'http://localhost:5001/register'</msg>
<status status="PASS" starttime="20241118 13:37:20.465" endtime="20241118 13:37:20.517"/>
</kw>
<status status="PASS" starttime="20241118 13:37:20.464" endtime="20241118 13:37:20.518"/>
</kw>
<kw name="Set Username">
<arg>${username}</arg>
<kw name="Input Text" library="SeleniumLibrary">
<arg>username</arg>
<arg>${username}</arg>
<doc>Types the given ``text`` into the text field identified by ``locator``.</doc>
<msg timestamp="20241118 13:37:20.520" level="INFO">Typing text 'kalle' into text field 'username'.</msg>
<status status="PASS" starttime="20241118 13:37:20.519" endtime="20241118 13:37:20.549"/>
</kw>
<status status="PASS" starttime="20241118 13:37:20.518" endtime="20241118 13:37:20.549"/>
</kw>
<kw name="Set Password">
<arg>${password}</arg>
<kw name="Input Text" library="SeleniumLibrary">
<arg>password</arg>
<arg>${password}</arg>
<doc>Types the given ``text`` into the text field identified by ``locator``.</doc>
<msg timestamp="20241118 13:37:20.551" level="INFO">Typing text 'kalle987' into text field 'password'.</msg>
<status status="PASS" starttime="20241118 13:37:20.550" endtime="20241118 13:37:20.572"/>
</kw>
<status status="PASS" starttime="20241118 13:37:20.549" endtime="20241118 13:37:20.572"/>
</kw>
<kw name="Confirm Password">
<arg>${password_confirmation}</arg>
<kw name="Input Text" library="SeleniumLibrary">
<arg>password_confirmation</arg>
<arg>${password_confirmation}</arg>
<doc>Types the given ``text`` into the text field identified by ``locator``.</doc>
<msg timestamp="20241118 13:37:20.573" level="INFO">Typing text 'kalle987' into text field 'password_confirmation'.</msg>
<status status="PASS" starttime="20241118 13:37:20.573" endtime="20241118 13:37:20.592"/>
</kw>
<status status="PASS" starttime="20241118 13:37:20.572" endtime="20241118 13:37:20.592"/>
</kw>
<kw name="Click Button" library="SeleniumLibrary">
<arg>Register</arg>
<doc>Clicks the button identified by ``locator``.</doc>
<msg timestamp="20241118 13:37:20.593" level="INFO">Clicking button 'Register'.</msg>
<status status="PASS" starttime="20241118 13:37:20.592" endtime="20241118 13:37:20.655"/>
</kw>
<status status="PASS" starttime="20241118 13:37:20.463" endtime="20241118 13:37:20.655"/>
</kw>
<kw name="Register Page Should Be Open" library="resource">
<kw name="Title Should Be" library="SeleniumLibrary">
<arg>Register</arg>
<doc>Verifies that the current page title equals ``title``.</doc>
<msg timestamp="20241118 13:37:20.662" level="INFO">Page title is 'Register'.</msg>
<status status="PASS" starttime="20241118 13:37:20.656" endtime="20241118 13:37:20.663"/>
</kw>
<status status="PASS" starttime="20241118 13:37:20.656" endtime="20241118 13:37:20.663"/>
</kw>
<kw name="Register Should Fail With Message">
<arg>User with username kalle already exists</arg>
<kw name="Register Page Should Be Open" library="resource">
<kw name="Title Should Be" library="SeleniumLibrary">
<arg>Register</arg>
<doc>Verifies that the current page title equals ``title``.</doc>
<msg timestamp="20241118 13:37:20.669" level="INFO">Page title is 'Register'.</msg>
<status status="PASS" starttime="20241118 13:37:20.664" endtime="20241118 13:37:20.669"/>
</kw>
<status status="PASS" starttime="20241118 13:37:20.664" endtime="20241118 13:37:20.669"/>
</kw>
<kw name="Page Should Contain" library="SeleniumLibrary">
<arg>${message}</arg>
<doc>Verifies that current page contains ``text``.</doc>
<msg timestamp="20241118 13:37:20.680" level="INFO">Current page contains text 'User with username kalle already exists'.</msg>
<status status="PASS" starttime="20241118 13:37:20.669" endtime="20241118 13:37:20.680"/>
</kw>
<status status="PASS" starttime="20241118 13:37:20.663" endtime="20241118 13:37:20.680"/>
</kw>
<status status="PASS" starttime="20241118 13:37:20.391" endtime="20241118 13:37:20.680"/>
</test>
<test id="s1-t7" name="Login After Successful Registration" line="46">
<kw name="Reset Application Create User And Go to Register Page" type="SETUP">
<kw name="Reset Application" library="AppLibrary">
<status status="PASS" starttime="20241118 13:37:20.682" endtime="20241118 13:37:20.687"/>
</kw>
<kw name="Create User" library="AppLibrary">
<arg>kalle</arg>
<arg>kalle123</arg>
<status status="PASS" starttime="20241118 13:37:20.688" endtime="20241118 13:37:20.699"/>
</kw>
<kw name="Go to Register Page" library="resource">
<kw name="Go To" library="SeleniumLibrary">
<arg>${REGISTER_URL}</arg>
<doc>Navigates the current browser window to the provided ``url``.</doc>
<msg timestamp="20241118 13:37:20.700" level="INFO">Opening url 'http://localhost:5001/register'</msg>
<status status="PASS" starttime="20241118 13:37:20.700" endtime="20241118 13:37:20.741"/>
</kw>
<status status="PASS" starttime="20241118 13:37:20.699" endtime="20241118 13:37:20.742"/>
</kw>
<status status="PASS" starttime="20241118 13:37:20.681" endtime="20241118 13:37:20.742"/>
</kw>
<kw name="Register With Username And Password">
<arg>${good_username}</arg>
<arg>${good_password}</arg>
<arg>${good_password}</arg>
<kw name="Go to Register Page" library="resource">
<kw name="Go To" library="SeleniumLibrary">
<arg>${REGISTER_URL}</arg>
<doc>Navigates the current browser window to the provided ``url``.</doc>
<msg timestamp="20241118 13:37:20.746" level="INFO">Opening url 'http://localhost:5001/register'</msg>
<status status="PASS" starttime="20241118 13:37:20.745" endtime="20241118 13:37:20.785"/>
</kw>
<status status="PASS" starttime="20241118 13:37:20.744" endtime="20241118 13:37:20.786"/>
</kw>
<kw name="Set Username">
<arg>${username}</arg>
<kw name="Input Text" library="SeleniumLibrary">
<arg>username</arg>
<arg>${username}</arg>
<doc>Types the given ``text`` into the text field identified by ``locator``.</doc>
<msg timestamp="20241118 13:37:20.788" level="INFO">Typing text 'jali' into text field 'username'.</msg>
<status status="PASS" starttime="20241118 13:37:20.787" endtime="20241118 13:37:20.819"/>
</kw>
<status status="PASS" starttime="20241118 13:37:20.786" endtime="20241118 13:37:20.819"/>
</kw>
<kw name="Set Password">
<arg>${password}</arg>
<kw name="Input Text" library="SeleniumLibrary">
<arg>password</arg>
<arg>${password}</arg>
<doc>Types the given ``text`` into the text field identified by ``locator``.</doc>
<msg timestamp="20241118 13:37:20.820" level="INFO">Typing text 'kahdeksan8' into text field 'password'.</msg>
<status status="PASS" starttime="20241118 13:37:20.820" endtime="20241118 13:37:20.839"/>
</kw>
<status status="PASS" starttime="20241118 13:37:20.819" endtime="20241118 13:37:20.839"/>
</kw>
<kw name="Confirm Password">
<arg>${password_confirmation}</arg>
<kw name="Input Text" library="SeleniumLibrary">
<arg>password_confirmation</arg>
<arg>${password_confirmation}</arg>
<doc>Types the given ``text`` into the text field identified by ``locator``.</doc>
<msg timestamp="20241118 13:37:20.840" level="INFO">Typing text 'kahdeksan8' into text field 'password_confirmation'.</msg>
<status status="PASS" starttime="20241118 13:37:20.840" endtime="20241118 13:37:20.862"/>
</kw>
<status status="PASS" starttime="20241118 13:37:20.839" endtime="20241118 13:37:20.862"/>
</kw>
<kw name="Click Button" library="SeleniumLibrary">
<arg>Register</arg>
<doc>Clicks the button identified by ``locator``.</doc>
<msg timestamp="20241118 13:37:20.863" level="INFO">Clicking button 'Register'.</msg>
<status status="PASS" starttime="20241118 13:37:20.862" endtime="20241118 13:37:20.924"/>
</kw>
<status status="PASS" starttime="20241118 13:37:20.743" endtime="20241118 13:37:20.924"/>
</kw>
<kw name="Click Link" library="SeleniumLibrary">
<arg>ohtu</arg>
<doc>Clicks a link identified by ``locator``.</doc>
<msg timestamp="20241118 13:37:20.926" level="INFO">Clicking link 'ohtu'.</msg>
<status status="PASS" starttime="20241118 13:37:20.925" endtime="20241118 13:37:20.992"/>
</kw>
<kw name="Click Button" library="SeleniumLibrary">
<arg>Logout</arg>
<doc>Clicks the button identified by ``locator``.</doc>
<msg timestamp="20241118 13:37:20.994" level="INFO">Clicking button 'Logout'.</msg>
<status status="PASS" starttime="20241118 13:37:20.992" endtime="20241118 13:37:21.090"/>
</kw>
<kw name="Login Page Should Be Open" library="resource">
<kw name="Title Should Be" library="SeleniumLibrary">
<arg>Login</arg>
<doc>Verifies that the current page title equals ``title``.</doc>
<msg timestamp="20241118 13:37:21.097" level="INFO">Page title is 'Login'.</msg>
<status status="PASS" starttime="20241118 13:37:21.091" endtime="20241118 13:37:21.097"/>
</kw>
<status status="PASS" starttime="20241118 13:37:21.090" endtime="20241118 13:37:21.097"/>
</kw>
<kw name="Set Username">
<arg>${good_username}</arg>
<kw name="Input Text" library="SeleniumLibrary">
<arg>username</arg>
<arg>${username}</arg>
<doc>Types the given ``text`` into the text field identified by ``locator``.</doc>
<msg timestamp="20241118 13:37:21.099" level="INFO">Typing text 'jali' into text field 'username'.</msg>
<status status="PASS" starttime="20241118 13:37:21.098" endtime="20241118 13:37:21.133"/>
</kw>
<status status="PASS" starttime="20241118 13:37:21.098" endtime="20241118 13:37:21.133"/>
</kw>
<kw name="Set Password">
<arg>${good_password}</arg>
<kw name="Input Text" library="SeleniumLibrary">
<arg>password</arg>
<arg>${password}</arg>
<doc>Types the given ``text`` into the text field identified by ``locator``.</doc>
<msg timestamp="20241118 13:37:21.135" level="INFO">Typing text 'kahdeksan8' into text field 'password'.</msg>
<status status="PASS" starttime="20241118 13:37:21.135" endtime="20241118 13:37:21.157"/>
</kw>
<status status="PASS" starttime="20241118 13:37:21.134" endtime="20241118 13:37:21.157"/>
</kw>
<kw name="Click Button" library="SeleniumLibrary">
<arg>Login</arg>
<doc>Clicks the button identified by ``locator``.</doc>
<msg timestamp="20241118 13:37:21.158" level="INFO">Clicking button 'Login'.</msg>
<status status="PASS" starttime="20241118 13:37:21.158" endtime="20241118 13:37:21.231"/>
</kw>
<kw name="Main Page Should Be Open" library="resource">
<kw name="Title Should Be" library="SeleniumLibrary">
<arg>Ohtu Application main page</arg>
<doc>Verifies that the current page title equals ``title``.</doc>
<msg timestamp="20241118 13:37:21.238" level="INFO">Page title is 'Ohtu Application main page'.</msg>
<status status="PASS" starttime="20241118 13:37:21.232" endtime="20241118 13:37:21.238"/>
</kw>
<status status="PASS" starttime="20241118 13:37:21.232" endtime="20241118 13:37:21.239"/>
</kw>
<status status="PASS" starttime="20241118 13:37:20.681" endtime="20241118 13:37:21.239"/>
</test>
<test id="s1-t8" name="Login After Failed Registration" line="59">
<kw name="Reset Application Create User And Go to Register Page" type="SETUP">
<kw name="Reset Application" library="AppLibrary">
<status status="PASS" starttime="20241118 13:37:21.241" endtime="20241118 13:37:21.247"/>
</kw>
<kw name="Create User" library="AppLibrary">
<arg>kalle</arg>
<arg>kalle123</arg>
<status status="PASS" starttime="20241118 13:37:21.247" endtime="20241118 13:37:21.258"/>
</kw>
<kw name="Go to Register Page" library="resource">
<kw name="Go To" library="SeleniumLibrary">
<arg>${REGISTER_URL}</arg>
<doc>Navigates the current browser window to the provided ``url``.</doc>
<msg timestamp="20241118 13:37:21.259" level="INFO">Opening url 'http://localhost:5001/register'</msg>
<status status="PASS" starttime="20241118 13:37:21.259" endtime="20241118 13:37:21.325"/>
</kw>
<status status="PASS" starttime="20241118 13:37:21.258" endtime="20241118 13:37:21.325"/>
</kw>
<status status="PASS" starttime="20241118 13:37:21.241" endtime="20241118 13:37:21.325"/>
</kw>
<kw name="Register With Username And Password">
<arg>${bad_username}</arg>
<arg>${good_password}</arg>
<arg>${good_password}</arg>
<kw name="Go to Register Page" library="resource">
<kw name="Go To" library="SeleniumLibrary">
<arg>${REGISTER_URL}</arg>
<doc>Navigates the current browser window to the provided ``url``.</doc>
<msg timestamp="20241118 13:37:21.328" level="INFO">Opening url 'http://localhost:5001/register'</msg>
<status status="PASS" starttime="20241118 13:37:21.327" endtime="20241118 13:37:21.377"/>
</kw>
<status status="PASS" starttime="20241118 13:37:21.327" endtime="20241118 13:37:21.378"/>
</kw>
<kw name="Set Username">
<arg>${username}</arg>
<kw name="Input Text" library="SeleniumLibrary">
<arg>username</arg>
<arg>${username}</arg>
<doc>Types the given ``text`` into the text field identified by ``locator``.</doc>
<msg timestamp="20241118 13:37:21.379" level="INFO">Typing text 'uh' into text field 'username'.</msg>
<status status="PASS" starttime="20241118 13:37:21.378" endtime="20241118 13:37:21.412"/>
</kw>
<status status="PASS" starttime="20241118 13:37:21.378" endtime="20241118 13:37:21.412"/>
</kw>
<kw name="Set Password">
<arg>${password}</arg>
<kw name="Input Text" library="SeleniumLibrary">
<arg>password</arg>
<arg>${password}</arg>
<doc>Types the given ``text`` into the text field identified by ``locator``.</doc>
<msg timestamp="20241118 13:37:21.413" level="INFO">Typing text 'kahdeksan8' into text field 'password'.</msg>
<status status="PASS" starttime="20241118 13:37:21.413" endtime="20241118 13:37:21.430"/>
</kw>
<status status="PASS" starttime="20241118 13:37:21.412" endtime="20241118 13:37:21.430"/>
</kw>
<kw name="Confirm Password">
<arg>${password_confirmation}</arg>
<kw name="Input Text" library="SeleniumLibrary">
<arg>password_confirmation</arg>
<arg>${password_confirmation}</arg>
<doc>Types the given ``text`` into the text field identified by ``locator``.</doc>
<msg timestamp="20241118 13:37:21.431" level="INFO">Typing text 'kahdeksan8' into text field 'password_confirmation'.</msg>
<status status="PASS" starttime="20241118 13:37:21.431" endtime="20241118 13:37:21.449"/>
</kw>
<status status="PASS" starttime="20241118 13:37:21.430" endtime="20241118 13:37:21.449"/>
</kw>
<kw name="Click Button" library="SeleniumLibrary">
<arg>Register</arg>
<doc>Clicks the button identified by ``locator``.</doc>
<msg timestamp="20241118 13:37:21.450" level="INFO">Clicking button 'Register'.</msg>
<status status="PASS" starttime="20241118 13:37:21.450" endtime="20241118 13:37:21.510"/>
</kw>
<status status="PASS" starttime="20241118 13:37:21.326" endtime="20241118 13:37:21.511"/>
</kw>
<kw name="Click Link" library="SeleniumLibrary">
<arg>Login</arg>
<doc>Clicks a link identified by ``locator``.</doc>
<msg timestamp="20241118 13:37:21.512" level="INFO">Clicking link 'Login'.</msg>
<status status="PASS" starttime="20241118 13:37:21.511" endtime="20241118 13:37:21.592"/>
</kw>
<kw name="Set Username">
<arg>${good_username}</arg>
<kw name="Input Text" library="SeleniumLibrary">
<arg>username</arg>
<arg>${username}</arg>
<doc>Types the given ``text`` into the text field identified by ``locator``.</doc>
<msg timestamp="20241118 13:37:21.597" level="INFO">Typing text 'jali' into text field 'username'.</msg>
<status status="PASS" starttime="20241118 13:37:21.595" endtime="20241118 13:37:21.632"/>
</kw>
<status status="PASS" starttime="20241118 13:37:21.593" endtime="20241118 13:37:21.632"/>
</kw>
<kw name="Set Password">
<arg>${good_password}</arg>
<kw name="Input Text" library="SeleniumLibrary">
<arg>password</arg>
<arg>${password}</arg>
<doc>Types the given ``text`` into the text field identified by ``locator``.</doc>
<msg timestamp="20241118 13:37:21.634" level="INFO">Typing text 'kahdeksan8' into text field 'password'.</msg>
<status status="PASS" starttime="20241118 13:37:21.633" endtime="20241118 13:37:21.652"/>
</kw>
<status status="PASS" starttime="20241118 13:37:21.632" endtime="20241118 13:37:21.653"/>
</kw>
<kw name="Click Button" library="SeleniumLibrary">
<arg>Login</arg>
<doc>Clicks the button identified by ``locator``.</doc>
<msg timestamp="20241118 13:37:21.654" level="INFO">Clicking button 'Login'.</msg>
<status status="PASS" starttime="20241118 13:37:21.653" endtime="20241118 13:37:21.730"/>
</kw>
<kw name="Login Page Should Be Open" library="resource">
<kw name="Title Should Be" library="SeleniumLibrary">
<arg>Login</arg>
<doc>Verifies that the current page title equals ``title``.</doc>
<msg timestamp="20241118 13:37:21.745" level="INFO">Page title is 'Login'.</msg>
<status status="PASS" starttime="20241118 13:37:21.731" endtime="20241118 13:37:21.745"/>
</kw>
<status status="PASS" starttime="20241118 13:37:21.730" endtime="20241118 13:37:21.745"/>
</kw>
<kw name="Page Should Contain" library="SeleniumLibrary">
<arg>Invalid username or password</arg>
<doc>Verifies that current page contains ``text``.</doc>
<msg timestamp="20241118 13:37:21.757" level="INFO">Current page contains text 'Invalid username or password'.</msg>
<status status="PASS" starttime="20241118 13:37:21.746" endtime="20241118 13:37:21.758"/>
</kw>
<status status="PASS" starttime="20241118 13:37:21.240" endtime="20241118 13:37:21.758"/>
</test>
<kw name="Close Browser" library="SeleniumLibrary" type="TEARDOWN">
<doc>Closes the current browser.</doc>
<status status="PASS" starttime="20241118 13:37:21.760" endtime="20241118 13:37:22.702"/>
</kw>
<status status="PASS" starttime="20241118 13:37:15.825" endtime="20241118 13:37:22.702"/>
</suite>
<statistics>
<total>
<stat pass="8" fail="0" skip="0">All Tests</stat>
</total>
<tag>
</tag>
<suite>
<stat pass="8" fail="0" skip="0" id="s1" name="Register">Register</stat>
</suite>
</statistics>
<errors>
</errors>
</robot>
